<?xml version="1.0" encoding="UTF-8"?>
<!-- Generated by org.testng.reporters.JUnitReportReporter -->
<testsuite skipped="0" hostname="DESKTOP-QH3466D" name="com.dataprovider.dataprovider" tests="6" failures="0" timestamp="2021-09-16T10:58:46 IST" time="24.487" errors="0">
  <testcase name="LaunchBrowser" time="24.461" classname="com.dataprovider.dataprovider"/>
  <system-out/>
  <testcase name="navigate" time="0.004" classname="com.dataprovider.dataprovider"/>
  <system-out/>
  <testcase name="Login" time="0.010" classname="com.dataprovider.dataprovider"/>
  <system-out/>
  <testcase name="minimize" time="0.007" classname="com.dataprovider.dataprovider"/>
  <system-out/>
  <testcase name="Logout" time="0.003" classname="com.dataprovider.dataprovider"/>
  <system-out/>
  <testcase name="close" time="0.002" classname="com.dataprovider.dataprovider"/>
  <system-out/>
</testsuite> <!-- com.dataprovider.dataprovider -->
