<?xml version="1.0" encoding="UTF-8"?>
<!-- Generated by org.testng.reporters.JUnitReportReporter -->
<testsuite skipped="0" hostname="DESKTOP-QH3466D" name="com.Assgnments.suite.Assgnment5" tests="10" failures="0" timestamp="2021-09-16T20:43:58 IST" time="94.054" errors="0">
  <testcase name="LaunchBrowser" time="14.699" classname="com.Assgnments.suite.Assgnment5"/>
  <system-out/>
  <testcase name="navigate" time="21.312" classname="com.Assgnments.suite.Assgnment5"/>
  <system-out/>
  <testcase name="Login" time="5.974" classname="com.Assgnments.suite.Assgnment5"/>
  <system-out/>
  <testcase name="minimize" time="4.606" classname="com.Assgnments.suite.Assgnment5"/>
  <system-out/>
  <testcase name="creatcustomer" time="18.121" classname="com.Assgnments.suite.Assgnment5"/>
  <system-out/>
  <testcase name="createproj" time="6.723" classname="com.Assgnments.suite.Assgnment5"/>
  <system-out/>
  <testcase name="deletproj" time="9.127" classname="com.Assgnments.suite.Assgnment5"/>
  <system-out/>
  <testcase name="deletcust" time="8.662" classname="com.Assgnments.suite.Assgnment5"/>
  <system-out/>
  <testcase name="Logout" time="3.920" classname="com.Assgnments.suite.Assgnment5"/>
  <system-out/>
  <testcase name="close" time="0.910" classname="com.Assgnments.suite.Assgnment5"/>
  <system-out/>
</testsuite> <!-- com.Assgnments.suite.Assgnment5 -->
