<?xml version="1.0" encoding="UTF-8"?>
<!-- Generated by org.testng.reporters.JUnitReportReporter -->
<testsuite skipped="0" hostname="DESKTOP-QH3466D" name="com.Assgnments.suite.Assgnment7" tests="11" failures="0" timestamp="2021-09-16T16:39:52 IST" time="66.754" errors="0">
  <testcase name="LaunchBrowser" time="6.227" classname="com.Assgnments.suite.Assgnment7"/>
  <system-out/>
  <testcase name="navigate" time="6.819" classname="com.Assgnments.suite.Assgnment7"/>
  <system-out/>
  <testcase name="Login" time="4.388" classname="com.Assgnments.suite.Assgnment7"/>
  <system-out/>
  <testcase name="minimize" time="2.096" classname="com.Assgnments.suite.Assgnment7"/>
  <system-out/>
  <testcase name="creatcustomer" time="15.797" classname="com.Assgnments.suite.Assgnment7"/>
  <system-out/>
  <testcase name="createproj" time="6.530" classname="com.Assgnments.suite.Assgnment7"/>
  <system-out/>
  <testcase name="createtask" time="6.646" classname="com.Assgnments.suite.Assgnment7"/>
  <system-out/>
  <testcase name="delettsk" time="6.577" classname="com.Assgnments.suite.Assgnment7"/>
  <system-out/>
  <testcase name="deletcustomer" time="8.500" classname="com.Assgnments.suite.Assgnment7"/>
  <system-out/>
  <testcase name="Logout" time="2.824" classname="com.Assgnments.suite.Assgnment7"/>
  <system-out/>
  <testcase name="close" time="0.350" classname="com.Assgnments.suite.Assgnment7"/>
  <system-out/>
</testsuite> <!-- com.Assgnments.suite.Assgnment7 -->
