<?xml version="1.0" encoding="UTF-8"?>
<!-- Generated by org.testng.reporters.JUnitReportReporter -->
<testsuite skipped="0" hostname="DESKTOP-QH3466D" name="com.Assgnments.suite.Assgnment3" tests="8" failures="0" timestamp="2021-09-16T17:05:39 IST" time="53.415" errors="0">
  <testcase name="launch" time="7.832" classname="com.Assgnments.suite.Assgnment3"/>
  <system-out/>
  <testcase name="navigate" time="7.646" classname="com.Assgnments.suite.Assgnment3"/>
  <system-out/>
  <testcase name="Login" time="4.491" classname="com.Assgnments.suite.Assgnment3"/>
  <system-out/>
  <testcase name="minimize" time="2.156" classname="com.Assgnments.suite.Assgnment3"/>
  <system-out/>
  <testcase name="creatcustomer" time="16.954" classname="com.Assgnments.suite.Assgnment3"/>
  <system-out/>
  <testcase name="deletCustomer" time="10.809" classname="com.Assgnments.suite.Assgnment3"/>
  <system-out/>
  <testcase name="Logout" time="3.212" classname="com.Assgnments.suite.Assgnment3"/>
  <system-out/>
  <testcase name="close" time="0.315" classname="com.Assgnments.suite.Assgnment3"/>
  <system-out/>
</testsuite> <!-- com.Assgnments.suite.Assgnment3 -->
