<?xml version="1.0" encoding="UTF-8"?>
<!-- Generated by org.testng.reporters.JUnitReportReporter -->
<testsuite skipped="0" hostname="DESKTOP-QH3466D" name="com.Assgnments.suite.Assngment2" tests="9" failures="0" timestamp="2021-09-16T16:39:52 IST" time="28.317" errors="0">
  <testcase name="lauch" time="5.348" classname="com.Assgnments.suite.Assngment2"/>
  <system-out/>
  <testcase name="navigate" time="6.506" classname="com.Assgnments.suite.Assngment2"/>
  <system-out/>
  <testcase name="login" time="4.361" classname="com.Assgnments.suite.Assngment2"/>
  <system-out/>
  <testcase name="minimize" time="1.407" classname="com.Assgnments.suite.Assngment2"/>
  <system-out/>
  <testcase name="createuser" time="8.030" classname="com.Assgnments.suite.Assngment2"/>
  <system-out/>
  <testcase name="modify" time="0.028" classname="com.Assgnments.suite.Assngment2"/>
  <system-out/>
  <testcase name="deleteUser" time="0.023" classname="com.Assgnments.suite.Assngment2"/>
  <system-out/>
  <testcase name="Logout" time="2.484" classname="com.Assgnments.suite.Assngment2"/>
  <system-out/>
  <testcase name="close" time="0.130" classname="com.Assgnments.suite.Assngment2"/>
  <system-out/>
</testsuite> <!-- com.Assgnments.suite.Assngment2 -->
