<?xml version="1.0" encoding="UTF-8"?>
<!-- Generated by org.testng.reporters.JUnitReportReporter -->
<testsuite skipped="0" hostname="DESKTOP-QH3466D" name="com.Assgnments.suite.Assgnment4" tests="9" failures="0" timestamp="2021-09-16T16:39:52 IST" time="42.672" errors="0">
  <testcase name="launch" time="6.349" classname="com.Assgnments.suite.Assgnment4"/>
  <system-out/>
  <testcase name="navigate" time="6.607" classname="com.Assgnments.suite.Assgnment4"/>
  <system-out/>
  <testcase name="Login" time="4.331" classname="com.Assgnments.suite.Assgnment4"/>
  <system-out/>
  <testcase name="minimize" time="2.108" classname="com.Assgnments.suite.Assgnment4"/>
  <system-out/>
  <testcase name="creatcustomer" time="15.662" classname="com.Assgnments.suite.Assgnment4"/>
  <system-out/>
  <testcase name="modifycustomer" time="2.490" classname="com.Assgnments.suite.Assgnment4"/>
  <system-out/>
  <testcase name="deletCustomer" time="2.184" classname="com.Assgnments.suite.Assgnment4"/>
  <system-out/>
  <testcase name="Logout" time="2.578" classname="com.Assgnments.suite.Assgnment4"/>
  <system-out/>
  <testcase name="close" time="0.363" classname="com.Assgnments.suite.Assgnment4"/>
  <system-out/>
</testsuite> <!-- com.Assgnments.suite.Assgnment4 -->
