<?xml version="1.0" encoding="UTF-8"?>
<!-- Generated by org.testng.reporters.JUnitReportReporter -->
<testsuite skipped="0" hostname="DESKTOP-QH3466D" name="com.Assgnments.suite.Assngment1" tests="8" failures="0" timestamp="2021-09-16T16:39:52 IST" time="44.756" errors="0">
  <testcase name="launchBrowser" time="6.775" classname="com.Assgnments.suite.Assngment1"/>
  <system-out/>
  <testcase name="navigate" time="6.530" classname="com.Assgnments.suite.Assngment1"/>
  <system-out/>
  <testcase name="login" time="4.387" classname="com.Assgnments.suite.Assngment1"/>
  <system-out/>
  <testcase name="minimizeFlyOutWindow" time="2.117" classname="com.Assgnments.suite.Assngment1"/>
  <system-out/>
  <testcase name="createUser" time="14.689" classname="com.Assgnments.suite.Assngment1"/>
  <system-out/>
  <testcase name="deleteUser" time="6.652" classname="com.Assgnments.suite.Assngment1"/>
  <system-out/>
  <testcase name="logout" time="2.956" classname="com.Assgnments.suite.Assngment1"/>
  <system-out/>
  <testcase name="closeApplication" time="0.650" classname="com.Assgnments.suite.Assngment1"/>
  <system-out/>
</testsuite> <!-- com.Assgnments.suite.Assngment1 -->
